SF:lib\bible\data_sources\bible_data_sourece_local_acf_imp.dart
DA:10,1
DA:14,1
DA:15,1
DA:17,3
DA:18,4
DA:19,1
DA:21,1
DA:25,0
DA:26,0
LF:9
LH:7
end_of_record
SF:lib\bible\errors\data_sources_erros\data_source_oflline_failure.dart
DA:5,0
DA:8,0
DA:13,0
DA:18,0
DA:19,0
LF:5
LH:0
end_of_record
SF:lib\errors\failure.dart
DA:7,0
DA:13,0
DA:20,0
DA:24,0
LF:4
LH:0
end_of_record
SF:lib\bible\domain\entities\bible\bible.dart
DA:12,1
LF:1
LH:1
end_of_record
SF:lib\bible\domain\entities\bible\book.dart
DA:7,1
DA:13,1
DA:14,2
DA:15,2
DA:19,0
LF:5
LH:4
end_of_record
SF:lib\bible\domain\value_object\text_vo.dart
DA:5,4
DA:9,4
DA:11,8
DA:12,6
DA:13,12
DA:14,4
DA:19,0
DA:21,0
LF:8
LH:6
end_of_record
SF:lib\bible\domain\entities\bible\chapter.dart
DA:11,2
LF:1
LH:1
end_of_record
SF:lib\bible\domain\entities\bible\verse.dart
DA:9,3
LF:1
LH:1
end_of_record
SF:lib\bible\domain\value_object\number_text_vo.dart
DA:4,3
DA:6,2
DA:8,4
DA:9,2
DA:11,8
DA:12,4
DA:15,6
DA:16,2
LF:8
LH:8
end_of_record
SF:lib\bible\domain\value_object\quantity_of_letters_vo.dart
DA:5,3
DA:7,1
DA:9,4
DA:10,2
DA:12,2
DA:13,1
LF:6
LH:6
end_of_record
SF:lib\bible\domain\usercases\get_bible_local\get_bible_local_usercase_imp.dart
DA:19,1
DA:24,1
DA:27,2
DA:29,1
DA:31,3
DA:32,2
DA:35,2
DA:36,4
DA:37,1
DA:41,1
DA:42,0
DA:43,1
DA:46,0
DA:50,1
DA:52,1
DA:53,1
DA:54,2
DA:55,1
DA:56,4
DA:57,1
DA:58,1
DA:59,1
DA:63,1
DA:66,1
DA:68,1
DA:69,3
DA:70,3
DA:71,1
DA:72,1
DA:73,4
DA:74,1
DA:75,1
DA:83,1
DA:85,1
DA:87,2
DA:88,1
DA:89,1
DA:90,4
DA:91,1
DA:92,1
LF:40
LH:38
end_of_record
SF:lib\bible\domain\value_object\value_object.dart
DA:4,4
LF:1
LH:1
end_of_record
