SF:lib\bible\data_sources\bible_data_sourece_local_acf_imp.dart
DA:10,1
DA:14,1
DA:15,1
DA:17,3
DA:18,4
DA:19,1
DA:21,1
DA:25,0
DA:26,0
LF:9
LH:7
end_of_record
SF:lib\bible\errors\data_sources_erros\data_source_oflline_failure.dart
DA:5,0
DA:8,0
DA:13,0
DA:18,0
DA:19,0
LF:5
LH:0
end_of_record
SF:lib\errors\failure.dart
DA:7,0
DA:13,0
DA:20,0
DA:24,0
LF:4
LH:0
end_of_record
SF:lib\bible\domain\entities\bible\chapter.dart
DA:11,2
LF:1
LH:1
end_of_record
SF:lib\bible\domain\entities\bible\verse.dart
DA:9,3
LF:1
LH:1
end_of_record
SF:lib\bible\domain\value_object\number_text_vo.dart
DA:4,3
DA:6,2
DA:8,4
DA:9,2
DA:11,8
DA:12,4
DA:15,6
DA:16,2
LF:8
LH:8
end_of_record
SF:lib\bible\domain\value_object\quantity_of_letters_vo.dart
DA:5,3
DA:7,1
DA:9,4
DA:10,2
DA:12,2
DA:13,1
LF:6
LH:6
end_of_record
SF:lib\bible\domain\value_object\text_vo.dart
DA:5,4
DA:9,4
DA:11,8
DA:12,6
DA:13,12
DA:14,4
DA:19,0
DA:21,0
LF:8
LH:6
end_of_record
SF:lib\bible\domain\value_object\value_object.dart
DA:4,4
LF:1
LH:1
end_of_record
SF:lib\bible\domain\entities\bible\bible.dart
DA:12,1
LF:1
LH:1
end_of_record
SF:lib\bible\domain\usercases\get_bible_local\get_bible_local_usercase_imp.dart
DA:18,1
DA:23,1
DA:26,2
DA:28,1
DA:30,3
DA:31,2
DA:34,2
DA:35,4
DA:36,1
DA:40,1
DA:41,3
DA:42,1
DA:43,2
DA:45,0
DA:49,1
DA:51,1
DA:52,1
DA:53,2
DA:54,1
DA:55,4
DA:56,1
DA:57,1
DA:58,1
DA:62,1
DA:65,1
DA:67,1
DA:68,3
DA:69,3
DA:70,1
DA:71,1
DA:72,4
DA:73,1
DA:74,1
DA:82,1
DA:84,1
DA:86,2
DA:87,1
DA:88,1
DA:89,4
DA:90,1
DA:91,1
LF:41
LH:40
end_of_record
SF:lib\bible\domain\entities\bible\book.dart
DA:7,1
DA:13,1
DA:14,2
DA:15,2
DA:19,0
LF:5
LH:4
end_of_record
